[0m00:28:23.651764 [debug] [MainThread]: Sending event: {'category': 'dbt', 'action': 'invocation', 'label': 'start', 'context': [<snowplow_tracker.self_describing_json.SelfDescribingJson object at 0x000001B6518D0E00>, <snowplow_tracker.self_describing_json.SelfDescribingJson object at 0x000001B6518D0D70>, <snowplow_tracker.self_describing_json.SelfDescribingJson object at 0x000001B6518D0EC0>]}


============================== 00:28:23.658698 | 6bd6c5b5-2384-4fd4-9195-f1b555e09c2b ==============================
[0m00:28:23.658698 [info ] [MainThread]: Running with dbt=1.7.8
[0m00:28:23.659704 [debug] [MainThread]: running dbt with arguments {'printer_width': '80', 'indirect_selection': 'eager', 'log_cache_events': 'False', 'write_json': 'True', 'partial_parse': 'True', 'cache_selected_only': 'False', 'warn_error': 'None', 'version_check': 'True', 'fail_fast': 'False', 'log_path': 'logs', 'debug': 'False', 'profiles_dir': 'C:\\Users\\GL65\\.dbt', 'use_colors': 'True', 'use_experimental_parser': 'False', 'no_print': 'None', 'quiet': 'False', 'log_format': 'default', 'invocation_command': 'dbt init', 'introspect': 'True', 'warn_error_options': 'WarnErrorOptions(include=[], exclude=[])', 'target_path': 'None', 'static_parser': 'True', 'send_anonymous_usage_stats': 'True'}
[0m00:28:23.660699 [warn ] [MainThread]: [ConfigFolderDirectory]: Unable to parse dict {'dir': WindowsPath('C:/Users/GL65/.dbt')}
[0m00:28:23.661699 [info ] [MainThread]: Creating dbt configuration folder at 
[0m00:28:46.883023 [debug] [MainThread]: Starter project path: C:\Users\GL65\Desktop\Worker\ECommercePlatform\ecommerce-data-platform\dbt-env\Lib\site-packages\dbt\include\starter_project
[0m00:28:46.918610 [info ] [MainThread]: 
Your new dbt project "justin_dwh" was created!

For more information on how to configure the profiles.yml file,
please consult the dbt documentation here:

  https://docs.getdbt.com/docs/configure-your-profile

One more thing:

Need help? Don't hesitate to reach out to us via GitHub issues or on Slack:

  https://community.getdbt.com/

Happy modeling!

[0m00:28:46.919610 [info ] [MainThread]: Setting up your profile.
[0m00:28:49.838789 [info ] [MainThread]: Profile justin_dwh written to C:\Users\GL65\.dbt\profiles.yml using target's sample configuration. Once updated, you'll be able to start developing with dbt.
[0m00:28:49.840799 [debug] [MainThread]: Command `dbt init` succeeded at 00:28:49.839797 after 26.22 seconds
[0m00:28:49.840799 [debug] [MainThread]: Sending event: {'category': 'dbt', 'action': 'invocation', 'label': 'end', 'context': [<snowplow_tracker.self_describing_json.SelfDescribingJson object at 0x000001B650F1B620>, <snowplow_tracker.self_describing_json.SelfDescribingJson object at 0x000001B65128A8D0>, <snowplow_tracker.self_describing_json.SelfDescribingJson object at 0x000001B6513849B0>]}
[0m00:28:49.841800 [debug] [MainThread]: Flushing usage events
